<?xml version="1.0" encoding="UTF-8"?>
<testsuite name="mockito.SomeClassTest" tests="1" skipped="0" failures="0" errors="0" timestamp="2023-04-09T22:46:18" hostname="DESKTOP-5EPUB0M" time="0.044">
  <properties/>
  <testcase name="test()" classname="mockito.SomeClassTest" time="0.044"/>
  <system-out><![CDATA[18
]]></system-out>
  <system-err><![CDATA[]]></system-err>
</testsuite>
