<?xml version="1.0" encoding="UTF-8"?>
<testsuite name="CalculatorTest" tests="4" skipped="0" failures="0" errors="0" timestamp="2023-04-11T12:40:29" hostname="DESKTOP-5EPUB0M" time="0.037">
  <properties/>
  <testcase name="method()" classname="CalculatorTest" time="0.027"/>
  <testcase name="Testing add 1 + 2 = 3" classname="CalculatorTest" time="0.004"/>
  <testcase name="multiply()" classname="CalculatorTest" time="0.001"/>
  <testcase name="testEquality()" classname="CalculatorTest" time="0.002"/>
  <system-out><![CDATA[]]></system-out>
  <system-err><![CDATA[]]></system-err>
</testsuite>
